20:29:37: XMLMeshSerializer reading mesh data from C:\Users\Roma\Model_Lib_v1\Export\Mesh\Box01.mesh.xml...
20:29:37: Reading submeshes...
20:29:37: Reading geometry...
20:29:37: Geometry done...
20:29:37: Reading geometry...
20:29:37: Geometry done...
20:29:37: Reading geometry...
20:29:37: Geometry done...
20:29:37: Reading geometry...
20:29:37: Geometry done...
20:29:37: Reading geometry...
20:29:37: Geometry done...
20:29:37: Reading geometry...
20:29:37: Geometry done...
20:29:37: Submeshes done.
20:29:37: XMLMeshSerializer import successful.
20:29:37: Reorganising vertex buffers to automatic layout..
20:29:37: MeshSerializer writing mesh data to C:\Users\Roma\Model_Lib_v1\Export\Mesh\Box01.mesh...
20:29:37: File header written.
20:29:37: Writing mesh data...
20:29:37: Writing submesh...
20:29:37: Submesh exported.
20:29:37: Writing submesh...
20:29:37: Submesh exported.
20:29:37: Writing submesh...
20:29:37: Submesh exported.
20:29:37: Writing submesh...
20:29:37: Submesh exported.
20:29:37: Writing submesh...
20:29:37: Submesh exported.
20:29:37: Writing submesh...
20:29:37: Submesh exported.
20:29:37: Exporting bounds information....
20:29:37: Bounds information exported.
20:29:37: Exporting submesh name table...
20:29:37: Submesh name table exported.
20:29:37: Exporting edge lists...
20:29:37: Edge lists exported
20:29:37: Mesh data exported.
20:29:37: MeshSerializer export successful.
