20:37:08: XMLMeshSerializer reading mesh data from C:\Users\Roma\Model_Lib_v1\Export\\Box02.mesh.xml...
20:37:08: Reading submeshes...
20:37:08: Reading geometry...
20:37:08: Geometry done...
20:37:08: Reading geometry...
20:37:08: Geometry done...
20:37:08: Reading geometry...
20:37:08: Geometry done...
20:37:08: Reading geometry...
20:37:08: Geometry done...
20:37:08: Reading geometry...
20:37:08: Geometry done...
20:37:08: Reading geometry...
20:37:08: Geometry done...
20:37:08: Submeshes done.
20:37:08: XMLMeshSerializer import successful.
20:37:08: Reorganising vertex buffers to automatic layout..
20:37:08: MeshSerializer writing mesh data to C:\Users\Roma\Model_Lib_v1\Export\\Box02.mesh...
20:37:08: File header written.
20:37:08: Writing mesh data...
20:37:08: Writing submesh...
20:37:08: Submesh exported.
20:37:08: Writing submesh...
20:37:08: Submesh exported.
20:37:08: Writing submesh...
20:37:08: Submesh exported.
20:37:08: Writing submesh...
20:37:08: Submesh exported.
20:37:08: Writing submesh...
20:37:08: Submesh exported.
20:37:08: Writing submesh...
20:37:08: Submesh exported.
20:37:08: Exporting bounds information....
20:37:08: Bounds information exported.
20:37:08: Exporting submesh name table...
20:37:08: Submesh name table exported.
20:37:08: Exporting edge lists...
20:37:08: Edge lists exported
20:37:08: Mesh data exported.
20:37:08: MeshSerializer export successful.
